C51 COMPILER V9.54   MATRIXLED                                                             11/10/2023 21:41:14 PAGE 1   


C51 COMPILER V9.54, COMPILATION OF MODULE MATRIXLED
OBJECT MODULE PLACED IN .\Objects\MatrixLED.obj
COMPILER INVOKED BY: D:\keil5\C51\BIN\C51.EXE MatrixLED.c OPTIMIZE(8,SPEED) BROWSE DEBUG OBJECTEXTEND PRINT(.\Listings\M
                    -atrixLED.lst) OBJECT(.\Objects\MatrixLED.obj)

line level    source

   1          #include <REGX52.H>
   2          #include "Delay.h"
   3          
   4          sbit RCLK_=P3^5;
   5          sbit SRCLK_=P3^6;
   6          sbit SER_=P3^4;
   7          
   8          #define MATRIX_LED_PORT P0
   9          void MatrixLED_Init()
  10          {
  11   1              SRCLK_=0;
  12   1              RCLK_=0;
  13   1      }
  14          
  15          
  16          /**
  17            * @brief  74HC595ÂÜôÂÖ•‰∏Ä‰∏™Â≠óËäÇ
  18            * @param  Ë¶ÅÂÜôÂÖ•ÁöÑÂ≠óËäÇ 
  19            * @retval Êó†
  20            */
  21          
  22          void _74HC595_WriteByte(unsigned char Byte)
  23          {
  24   1              unsigned char i;
  25   1              for(i=0;i<8;i++)
  26   1              {
  27   2                      SER_=Byte&(0x80>>i);//ÊØèÊ¨°ÂèñÂá∫‰∏Ä‰Ωç        
  28   2                      SRCLK_=1;
  29   2                      SRCLK_=0;
  30   2              }
  31   1              RCLK_=1;
  32   1              RCLK_=0;
  33   1              
  34   1      }
  35          /**
  36            * @brief  LEDÁÇπÈòµÂ±èÊòæÁ§∫‰∏ÄÂàóÊï∞ÊçÆ
  37            * @param  Column Ë¶ÅÈÄâÊã©ÁöÑÂàó 0~7  0Âú®ÊúÄÂ∑¶Ëæπ
  38            * @param  Data ÈÄâÊã©ÂàóÊòæÁ§∫ÁöÑÊï∞ÊçÆ  1‰∏∫‰∫Æ 0‰∏∫ÁÅ≠
  39            * @retval Êó†     ‰ΩøÁî®ÂâçÈúÄÂ∞ÜÂú®‰∏ªÂáΩÊï∞‰∏≠Â∞ÜSCRLKÔºà‰∏äÂçáÊ≤ø‰ΩçÁßªÔºâÂíåRCLKÔºà‰∏äÂçáÊ≤øÈîÅÂ≠òÔº
             -âÁΩÆ0ÔºõÔºàSRCLK_=0; RCLK_=0;Ôºâ
  40            */
  41          void MatrixLED_ShowColumn(unsigned char Column,Data)
  42          {
  43   1              _74HC595_WriteByte(Data);
  44   1              MATRIX_LED_PORT=~(0x80>>Column);
  45   1              Delay(1);
  46   1              MATRIX_LED_PORT=0xFF;
  47   1      }


MODULE INFORMATION:   STATIC OVERLAYABLE
   CODE SIZE        =     84    ----
   CONSTANT SIZE    =   ----    ----
   XDATA SIZE       =   ----    ----
C51 COMPILER V9.54   MATRIXLED                                                             11/10/2023 21:41:14 PAGE 2   

   PDATA SIZE       =   ----    ----
   DATA SIZE        =   ----    ----
   IDATA SIZE       =   ----    ----
   BIT SIZE         =   ----    ----
END OF MODULE INFORMATION.


C51 COMPILATION COMPLETE.  0 WARNING(S),  0 ERROR(S)
